<?xml version="1.0" encoding="UTF-8"?>
<testng-results ignored="0" total="2" passed="2" failed="0" skipped="0">
  <reporter-output>
  </reporter-output>
  <suite started-at="2023-11-08T12:34:47 IST" name="Suite" finished-at="2023-11-08T12:35:32 IST" duration-ms="45142">
    <groups>
    </groups>
    <test started-at="2023-11-08T12:34:47 IST" name="Test" finished-at="2023-11-08T12:35:32 IST" duration-ms="45142">
      <class name="com.TestNG.LoginTests">
        <test-method is-config="true" signature="setup()[pri:0, instance:com.TestNG.LoginTests@4b45a2f5]" started-at="2023-11-08T12:35:13 IST" name="setup" finished-at="2023-11-08T12:35:31 IST" duration-ms="18198" status="PASS">
          <reporter-output>
          </reporter-output>
        </test-method> <!-- setup -->
        <test-method signature="loginTest()[pri:0, instance:com.TestNG.LoginTests@4b45a2f5]" started-at="2023-11-08T12:35:31 IST" name="loginTest" finished-at="2023-11-08T12:35:32 IST" duration-ms="1158" status="PASS">
          <reporter-output>
          </reporter-output>
        </test-method> <!-- loginTest -->
        <test-method is-config="true" signature="close()[pri:0, instance:com.TestNG.LoginTests@4b45a2f5]" started-at="2023-11-08T12:35:32 IST" name="close" finished-at="2023-11-08T12:35:32 IST" duration-ms="1" status="PASS">
          <reporter-output>
          </reporter-output>
        </test-method> <!-- close -->
      </class> <!-- com.TestNG.LoginTests -->
      <class name="com.TestNG.DashboardPageTests">
        <test-method is-config="true" signature="setup()[pri:0, instance:com.TestNG.DashboardPageTests@5677323c]" started-at="2023-11-08T12:34:47 IST" name="setup" finished-at="2023-11-08T12:35:07 IST" duration-ms="19776" status="PASS">
          <reporter-output>
          </reporter-output>
        </test-method> <!-- setup -->
        <test-method signature="DashboardTest()[pri:1, instance:com.TestNG.DashboardPageTests@5677323c]" started-at="2023-11-08T12:35:07 IST" name="DashboardTest" finished-at="2023-11-08T12:35:13 IST" duration-ms="5970" status="PASS">
          <reporter-output>
          </reporter-output>
        </test-method> <!-- DashboardTest -->
        <test-method is-config="true" signature="close()[pri:0, instance:com.TestNG.DashboardPageTests@5677323c]" started-at="2023-11-08T12:35:13 IST" name="close" finished-at="2023-11-08T12:35:13 IST" duration-ms="0" status="PASS">
          <reporter-output>
          </reporter-output>
        </test-method> <!-- close -->
      </class> <!-- com.TestNG.DashboardPageTests -->
    </test> <!-- Test -->
  </suite> <!-- Suite -->
</testng-results>
