<?xml version="1.0" encoding="UTF-8"?>
<!-- Generated by org.testng.reporters.JUnitXMLReporter -->
<testsuite ignored="0" hostname="TMZ-DPC-2259" failures="0" tests="2" name="Chrome Test" time="74.768" errors="0" timestamp="2023-10-26T11:34:03 IST">
  <testcase classname="com.TestNG.TestNGParameterizationDemo" name="f" time="0.0">
    <skipped/>
  </testcase> <!-- f -->
  <testcase classname="com.TestNG.TestNGParameterizationDemo" name="f1" time="0.0">
    <skipped/>
  </testcase> <!-- f1 -->
</testsuite> <!-- Chrome Test -->
